[2021-03-06 02:05:05.749] [exthost] [info] extension host started
[2021-03-06 02:05:05.793] [exthost] [info] ExtensionService#_doActivateExtension vscode.debug-auto-launch {"startup":true,"extensionId":{"value":"vscode.debug-auto-launch","_lower":"vscode.debug-auto-launch"},"activationEvent":"*"}
[2021-03-06 02:05:05.794] [exthost] [info] ExtensionService#loadCommonJSModule file:///home/sheridan95/.vscode-server/bin/f30a9b73e8ffc278e71575118b6bf568f04587c8/extensions/debug-auto-launch/dist/extension
[2021-03-06 02:05:05.807] [exthost] [info] ExtensionService#_doActivateExtension vscode.git {"startup":true,"extensionId":{"value":"vscode.github","_lower":"vscode.github"},"activationEvent":"*"}
[2021-03-06 02:05:05.807] [exthost] [info] ExtensionService#loadCommonJSModule file:///home/sheridan95/.vscode-server/bin/f30a9b73e8ffc278e71575118b6bf568f04587c8/extensions/git/dist/main
[2021-03-06 02:05:06.192] [exthost] [info] ExtensionService#_doActivateExtension vscode.github {"startup":true,"extensionId":{"value":"vscode.github","_lower":"vscode.github"},"activationEvent":"*"}
[2021-03-06 02:05:06.193] [exthost] [info] ExtensionService#loadCommonJSModule file:///home/sheridan95/.vscode-server/bin/f30a9b73e8ffc278e71575118b6bf568f04587c8/extensions/github/dist/extension.js
[2021-03-06 02:05:06.323] [exthost] [info] ExtensionService#_doActivateExtension vscode.emmet {"startup":false,"extensionId":{"value":"vscode.emmet","_lower":"vscode.emmet"},"activationEvent":"onStartupFinished"}
[2021-03-06 02:05:06.323] [exthost] [info] ExtensionService#loadCommonJSModule file:///home/sheridan95/.vscode-server/bin/f30a9b73e8ffc278e71575118b6bf568f04587c8/extensions/emmet/dist/node/emmetNodeMain
[2021-03-06 02:05:06.368] [exthost] [info] ExtensionService#_doActivateExtension vscode.merge-conflict {"startup":false,"extensionId":{"value":"vscode.merge-conflict","_lower":"vscode.merge-conflict"},"activationEvent":"onStartupFinished"}
[2021-03-06 02:05:06.368] [exthost] [info] ExtensionService#loadCommonJSModule file:///home/sheridan95/.vscode-server/bin/f30a9b73e8ffc278e71575118b6bf568f04587c8/extensions/merge-conflict/dist/mergeConflictMain
[2021-03-06 02:05:06.378] [exthost] [info] ExtensionService#_doActivateExtension vscode.testing-editor-contributions {"startup":false,"extensionId":{"value":"vscode.testing-editor-contributions","_lower":"vscode.testing-editor-contributions"},"activationEvent":"onStartupFinished"}
[2021-03-06 02:05:06.379] [exthost] [info] ExtensionService#loadCommonJSModule file:///home/sheridan95/.vscode-server/bin/f30a9b73e8ffc278e71575118b6bf568f04587c8/extensions/testing-editor-contributions/dist/extension.js
[2021-03-06 02:05:06.383] [exthost] [info] eager extensions activated
[2021-03-06 02:05:06.425] [exthost] [info] ExtensionService#_doActivateExtension ms-vscode.js-debug {"startup":false,"extensionId":{"value":"ms-vscode.js-debug","_lower":"ms-vscode.js-debug"},"activationEvent":"onCommand:extension.js-debug.clearAutoAttachVariables"}
[2021-03-06 02:05:06.426] [exthost] [info] ExtensionService#loadCommonJSModule file:///home/sheridan95/.vscode-server/bin/f30a9b73e8ffc278e71575118b6bf568f04587c8/extensions/ms-vscode.js-debug/src/extension.js
[2021-03-06 02:05:07.232] [exthost] [warning] [Decorations] CAPPING events from decorations provider vscode.git 2373
[2021-03-06 02:05:32.818] [exthost] [warning] [Decorations] CAPPING events from decorations provider vscode.git 2373
[2021-03-06 02:05:41.514] [exthost] [warning] [Decorations] CAPPING events from decorations provider vscode.git 2373
[2021-03-06 02:05:48.354] [exthost] [warning] [Decorations] CAPPING events from decorations provider vscode.git 2373
[2021-03-06 02:06:29.536] [exthost] [warning] [Decorations] CAPPING events from decorations provider vscode.git 2373
[2021-03-06 02:11:07.989] [exthost] [warning] [Decorations] CAPPING events from decorations provider vscode.git 2373
[2021-03-06 02:11:20.831] [exthost] [warning] [Decorations] CAPPING events from decorations provider vscode.git 2373
[2021-03-06 02:19:15.173] [exthost] [info] extension host terminating: received terminate message from renderer
[2021-03-06 02:19:16.253] [exthost] [info] exiting with code 0
