[2021-03-06 02:34:48.547] [exthost] [info] extension host started
[2021-03-06 02:34:48.617] [exthost] [info] ExtensionService#_doActivateExtension vscode.debug-auto-launch {"startup":true,"extensionId":{"value":"vscode.debug-auto-launch","_lower":"vscode.debug-auto-launch"},"activationEvent":"*"}
[2021-03-06 02:34:48.618] [exthost] [info] ExtensionService#loadCommonJSModule file:///home/sheridan95/.vscode-server/bin/f30a9b73e8ffc278e71575118b6bf568f04587c8/extensions/debug-auto-launch/dist/extension
[2021-03-06 02:34:48.644] [exthost] [info] ExtensionService#_doActivateExtension vscode.git {"startup":true,"extensionId":{"value":"vscode.github","_lower":"vscode.github"},"activationEvent":"*"}
[2021-03-06 02:34:48.644] [exthost] [info] ExtensionService#loadCommonJSModule file:///home/sheridan95/.vscode-server/bin/f30a9b73e8ffc278e71575118b6bf568f04587c8/extensions/git/dist/main
[2021-03-06 02:34:48.837] [exthost] [info] ExtensionService#_doActivateExtension vscode.github {"startup":true,"extensionId":{"value":"vscode.github","_lower":"vscode.github"},"activationEvent":"*"}
[2021-03-06 02:34:48.837] [exthost] [info] ExtensionService#loadCommonJSModule file:///home/sheridan95/.vscode-server/bin/f30a9b73e8ffc278e71575118b6bf568f04587c8/extensions/github/dist/extension.js
[2021-03-06 02:34:48.961] [exthost] [info] ExtensionService#_doActivateExtension vscode.emmet {"startup":false,"extensionId":{"value":"vscode.emmet","_lower":"vscode.emmet"},"activationEvent":"onStartupFinished"}
[2021-03-06 02:34:48.961] [exthost] [info] ExtensionService#loadCommonJSModule file:///home/sheridan95/.vscode-server/bin/f30a9b73e8ffc278e71575118b6bf568f04587c8/extensions/emmet/dist/node/emmetNodeMain
[2021-03-06 02:34:48.991] [exthost] [info] ExtensionService#_doActivateExtension vscode.merge-conflict {"startup":false,"extensionId":{"value":"vscode.merge-conflict","_lower":"vscode.merge-conflict"},"activationEvent":"onStartupFinished"}
[2021-03-06 02:34:48.991] [exthost] [info] ExtensionService#loadCommonJSModule file:///home/sheridan95/.vscode-server/bin/f30a9b73e8ffc278e71575118b6bf568f04587c8/extensions/merge-conflict/dist/mergeConflictMain
[2021-03-06 02:34:49.000] [exthost] [info] ExtensionService#_doActivateExtension vscode.testing-editor-contributions {"startup":false,"extensionId":{"value":"vscode.testing-editor-contributions","_lower":"vscode.testing-editor-contributions"},"activationEvent":"onStartupFinished"}
[2021-03-06 02:34:49.000] [exthost] [info] ExtensionService#loadCommonJSModule file:///home/sheridan95/.vscode-server/bin/f30a9b73e8ffc278e71575118b6bf568f04587c8/extensions/testing-editor-contributions/dist/extension.js
[2021-03-06 02:34:49.002] [exthost] [info] eager extensions activated
[2021-03-06 02:34:49.052] [exthost] [info] ExtensionService#_doActivateExtension ms-vscode.js-debug {"startup":false,"extensionId":{"value":"ms-vscode.js-debug","_lower":"ms-vscode.js-debug"},"activationEvent":"onCommand:extension.js-debug.clearAutoAttachVariables"}
[2021-03-06 02:34:49.052] [exthost] [info] ExtensionService#loadCommonJSModule file:///home/sheridan95/.vscode-server/bin/f30a9b73e8ffc278e71575118b6bf568f04587c8/extensions/ms-vscode.js-debug/src/extension.js
[2021-03-06 02:36:46.574] [exthost] [info] ExtensionService#_doActivateExtension vscode.html-language-features {"startup":false,"extensionId":{"value":"vscode.html-language-features","_lower":"vscode.html-language-features"},"activationEvent":"onLanguage:html"}
[2021-03-06 02:36:46.574] [exthost] [info] ExtensionService#loadCommonJSModule file:///home/sheridan95/.vscode-server/bin/f30a9b73e8ffc278e71575118b6bf568f04587c8/extensions/html-language-features/client/dist/node/htmlClientMain
[2021-03-06 02:45:24.374] [exthost] [error] [vscode.emmet] provider FAILED
[2021-03-06 02:45:24.392] [exthost] [error] Error: Unable to find matching pair for < at char 98
	at t.a.error (/home/sheridan95/.vscode-server/bin/f30a9b73e8ffc278e71575118b6bf568f04587c8/extensions/emmet/dist/node/emmetNodeMain.js:1:13576)
	at f (/home/sheridan95/.vscode-server/bin/f30a9b73e8ffc278e71575118b6bf568f04587c8/extensions/emmet/dist/node/emmetNodeMain.js:1:3361)
	at u (/home/sheridan95/.vscode-server/bin/f30a9b73e8ffc278e71575118b6bf568f04587c8/extensions/emmet/dist/node/emmetNodeMain.js:1:45646)
	at l (/home/sheridan95/.vscode-server/bin/f30a9b73e8ffc278e71575118b6bf568f04587c8/extensions/emmet/dist/node/emmetNodeMain.js:1:45768)
	at /home/sheridan95/.vscode-server/bin/f30a9b73e8ffc278e71575118b6bf568f04587c8/extensions/emmet/dist/node/emmetNodeMain.js:1:46394
	at h (/home/sheridan95/.vscode-server/bin/f30a9b73e8ffc278e71575118b6bf568f04587c8/extensions/emmet/dist/node/emmetNodeMain.js:1:46501)
	at C (/home/sheridan95/.vscode-server/bin/f30a9b73e8ffc278e71575118b6bf568f04587c8/extensions/emmet/dist/node/emmetNodeMain.js:1:47432)
	at t.default (/home/sheridan95/.vscode-server/bin/f30a9b73e8ffc278e71575118b6bf568f04587c8/extensions/emmet/dist/node/emmetNodeMain.js:1:47842)
	at Object.t.getRootNode (/home/sheridan95/.vscode-server/bin/f30a9b73e8ffc278e71575118b6bf568f04587c8/extensions/emmet/dist/node/emmetNodeMain.js:1:12699)
	at t.DefaultCompletionItemProvider.provideCompletionItemsInternal (/home/sheridan95/.vscode-server/bin/f30a9b73e8ffc278e71575118b6bf568f04587c8/extensions/emmet/dist/node/emmetNodeMain.js:1:59270)
	at t.DefaultCompletionItemProvider.provideCompletionItems (/home/sheridan95/.vscode-server/bin/f30a9b73e8ffc278e71575118b6bf568f04587c8/extensions/emmet/dist/node/emmetNodeMain.js:1:58163)
	at /home/sheridan95/.vscode-server/bin/f30a9b73e8ffc278e71575118b6bf568f04587c8/out/vs/server/remoteExtensionHostProcess.js:87:167643
	at /home/sheridan95/.vscode-server/bin/f30a9b73e8ffc278e71575118b6bf568f04587c8/out/vs/server/remoteExtensionHostProcess.js:57:7538
	at new Promise (<anonymous>)
	at Object.p [as asPromise] (/home/sheridan95/.vscode-server/bin/f30a9b73e8ffc278e71575118b6bf568f04587c8/out/vs/server/remoteExtensionHostProcess.js:57:7510)
	at U.provideCompletionItems (/home/sheridan95/.vscode-server/bin/f30a9b73e8ffc278e71575118b6bf568f04587c8/out/vs/server/remoteExtensionHostProcess.js:87:167614)
	at /home/sheridan95/.vscode-server/bin/f30a9b73e8ffc278e71575118b6bf568f04587c8/out/vs/server/remoteExtensionHostProcess.js:87:186065
	at Se._withAdapter (/home/sheridan95/.vscode-server/bin/f30a9b73e8ffc278e71575118b6bf568f04587c8/out/vs/server/remoteExtensionHostProcess.js:87:176060)
	at Se.$provideCompletionItems (/home/sheridan95/.vscode-server/bin/f30a9b73e8ffc278e71575118b6bf568f04587c8/out/vs/server/remoteExtensionHostProcess.js:87:186041)
	at u._doInvokeHandler (/home/sheridan95/.vscode-server/bin/f30a9b73e8ffc278e71575118b6bf568f04587c8/out/vs/server/remoteExtensionHostProcess.js:90:10509)
	at u._invokeHandler (/home/sheridan95/.vscode-server/bin/f30a9b73e8ffc278e71575118b6bf568f04587c8/out/vs/server/remoteExtensionHostProcess.js:90:10201)
	at u._receiveRequest (/home/sheridan95/.vscode-server/bin/f30a9b73e8ffc278e71575118b6bf568f04587c8/out/vs/server/remoteExtensionHostProcess.js:90:8820)
	at u._receiveOneMessage (/home/sheridan95/.vscode-server/bin/f30a9b73e8ffc278e71575118b6bf568f04587c8/out/vs/server/remoteExtensionHostProcess.js:90:7673)
	at /home/sheridan95/.vscode-server/bin/f30a9b73e8ffc278e71575118b6bf568f04587c8/out/vs/server/remoteExtensionHostProcess.js:90:5782
	at p.fire (/home/sheridan95/.vscode-server/bin/f30a9b73e8ffc278e71575118b6bf568f04587c8/out/vs/server/remoteExtensionHostProcess.js:57:1836)
	at g.fire (/home/sheridan95/.vscode-server/bin/f30a9b73e8ffc278e71575118b6bf568f04587c8/out/vs/server/remoteExtensionHostProcess.js:65:15443)
	at /home/sheridan95/.vscode-server/bin/f30a9b73e8ffc278e71575118b6bf568f04587c8/out/vs/server/remoteExtensionHostProcess.js:106:29119
	at p.fire (/home/sheridan95/.vscode-server/bin/f30a9b73e8ffc278e71575118b6bf568f04587c8/out/vs/server/remoteExtensionHostProcess.js:57:1836)
	at g.fire (/home/sheridan95/.vscode-server/bin/f30a9b73e8ffc278e71575118b6bf568f04587c8/out/vs/server/remoteExtensionHostProcess.js:65:15443)
	at t._receiveMessage (/home/sheridan95/.vscode-server/bin/f30a9b73e8ffc278e71575118b6bf568f04587c8/out/vs/server/remoteExtensionHostProcess.js:65:20693)
	at /home/sheridan95/.vscode-server/bin/f30a9b73e8ffc278e71575118b6bf568f04587c8/out/vs/server/remoteExtensionHostProcess.js:65:17587
	at p.fire (/home/sheridan95/.vscode-server/bin/f30a9b73e8ffc278e71575118b6bf568f04587c8/out/vs/server/remoteExtensionHostProcess.js:57:1836)
	at l.acceptChunk (/home/sheridan95/.vscode-server/bin/f30a9b73e8ffc278e71575118b6bf568f04587c8/out/vs/server/remoteExtensionHostProcess.js:65:12808)
	at /home/sheridan95/.vscode-server/bin/f30a9b73e8ffc278e71575118b6bf568f04587c8/out/vs/server/remoteExtensionHostProcess.js:65:12156
	at p.fire (/home/sheridan95/.vscode-server/bin/f30a9b73e8ffc278e71575118b6bf568f04587c8/out/vs/server/remoteExtensionHostProcess.js:57:1836)
	at /home/sheridan95/.vscode-server/bin/f30a9b73e8ffc278e71575118b6bf568f04587c8/out/vs/server/remoteExtensionHostProcess.js:106:18119
	at afterWrite (_stream_writable.js:490:5)
	at onwrite (_stream_writable.js:470:7)
	at InflateRaw.afterTransform (_stream_transform.js:98:3)
	at Zlib.processCallback (zlib.js:578:8)
