[2021-02-28 21:18:30.889] [exthost] [info] extension host started
[2021-02-28 21:18:30.913] [exthost] [info] ExtensionService#_doActivateExtension vscode.extension-editing {"startup":false,"extensionId":{"value":"vscode.extension-editing","_lower":"vscode.extension-editing"},"activationEvent":"onLanguage:markdown"}
[2021-02-28 21:18:30.913] [exthost] [info] ExtensionService#loadCommonJSModule file:///home/sheridan95/.vscode-server/bin/622cb03f7e070a9670c94bae1a45d78d7181fbd4/extensions/extension-editing/dist/extensionEditingMain
[2021-02-28 21:18:30.925] [exthost] [info] ExtensionService#_doActivateExtension vscode.markdown-language-features {"startup":false,"extensionId":{"value":"vscode.markdown-language-features","_lower":"vscode.markdown-language-features"},"activationEvent":"onLanguage:markdown"}
[2021-02-28 21:18:30.925] [exthost] [info] ExtensionService#loadCommonJSModule file:///home/sheridan95/.vscode-server/bin/622cb03f7e070a9670c94bae1a45d78d7181fbd4/extensions/markdown-language-features/dist/extension
[2021-02-28 21:18:30.947] [exthost] [info] ExtensionService#_doActivateExtension vscode.debug-auto-launch {"startup":true,"extensionId":{"value":"vscode.debug-auto-launch","_lower":"vscode.debug-auto-launch"},"activationEvent":"*"}
[2021-02-28 21:18:30.948] [exthost] [info] ExtensionService#loadCommonJSModule file:///home/sheridan95/.vscode-server/bin/622cb03f7e070a9670c94bae1a45d78d7181fbd4/extensions/debug-auto-launch/dist/extension
[2021-02-28 21:18:30.951] [exthost] [info] ExtensionService#_doActivateExtension vscode.git {"startup":true,"extensionId":{"value":"vscode.github","_lower":"vscode.github"},"activationEvent":"*"}
[2021-02-28 21:18:30.951] [exthost] [info] ExtensionService#loadCommonJSModule file:///home/sheridan95/.vscode-server/bin/622cb03f7e070a9670c94bae1a45d78d7181fbd4/extensions/git/dist/main
[2021-02-28 21:18:30.991] [exthost] [info] ExtensionService#_doActivateExtension vscode.npm {"startup":true,"extensionId":{"value":"vscode.npm","_lower":"vscode.npm"},"activationEvent":"workspaceContains:package.json"}
[2021-02-28 21:18:30.991] [exthost] [info] ExtensionService#loadCommonJSModule file:///home/sheridan95/.vscode-server/bin/622cb03f7e070a9670c94bae1a45d78d7181fbd4/extensions/npm/dist/npmMain
[2021-02-28 21:18:31.060] [exthost] [info] ExtensionService#_doActivateExtension vscode.github {"startup":true,"extensionId":{"value":"vscode.github","_lower":"vscode.github"},"activationEvent":"*"}
[2021-02-28 21:18:31.060] [exthost] [info] ExtensionService#loadCommonJSModule file:///home/sheridan95/.vscode-server/bin/622cb03f7e070a9670c94bae1a45d78d7181fbd4/extensions/github/dist/extension.js
[2021-02-28 21:18:31.124] [exthost] [info] ExtensionService#_doActivateExtension vscode.emmet {"startup":false,"extensionId":{"value":"vscode.emmet","_lower":"vscode.emmet"},"activationEvent":"onStartupFinished"}
[2021-02-28 21:18:31.124] [exthost] [info] ExtensionService#loadCommonJSModule file:///home/sheridan95/.vscode-server/bin/622cb03f7e070a9670c94bae1a45d78d7181fbd4/extensions/emmet/dist/node/emmetNodeMain
[2021-02-28 21:18:31.136] [exthost] [info] ExtensionService#_doActivateExtension vscode.merge-conflict {"startup":false,"extensionId":{"value":"vscode.merge-conflict","_lower":"vscode.merge-conflict"},"activationEvent":"onStartupFinished"}
[2021-02-28 21:18:31.136] [exthost] [info] ExtensionService#loadCommonJSModule file:///home/sheridan95/.vscode-server/bin/622cb03f7e070a9670c94bae1a45d78d7181fbd4/extensions/merge-conflict/dist/mergeConflictMain
[2021-02-28 21:18:31.142] [exthost] [info] ExtensionService#_doActivateExtension vscode.testing-editor-contributions {"startup":false,"extensionId":{"value":"vscode.testing-editor-contributions","_lower":"vscode.testing-editor-contributions"},"activationEvent":"onStartupFinished"}
[2021-02-28 21:18:31.142] [exthost] [info] ExtensionService#loadCommonJSModule file:///home/sheridan95/.vscode-server/bin/622cb03f7e070a9670c94bae1a45d78d7181fbd4/extensions/testing-editor-contributions/dist/extension.js
[2021-02-28 21:18:31.147] [exthost] [info] eager extensions activated
[2021-02-28 21:18:31.171] [exthost] [info] ExtensionService#_doActivateExtension ms-vscode.js-debug {"startup":false,"extensionId":{"value":"ms-vscode.js-debug","_lower":"ms-vscode.js-debug"},"activationEvent":"onCommand:extension.js-debug.clearAutoAttachVariables"}
[2021-02-28 21:18:31.171] [exthost] [info] ExtensionService#loadCommonJSModule file:///home/sheridan95/.vscode-server/bin/622cb03f7e070a9670c94bae1a45d78d7181fbd4/extensions/ms-vscode.js-debug/src/extension.js
[2021-02-28 21:18:31.471] [exthost] [info] ExtensionService#_doActivateExtension vscode.configuration-editing {"startup":false,"extensionId":{"value":"vscode.configuration-editing","_lower":"vscode.configuration-editing"},"activationEvent":"onLanguage:json"}
[2021-02-28 21:18:31.471] [exthost] [info] ExtensionService#loadCommonJSModule file:///home/sheridan95/.vscode-server/bin/622cb03f7e070a9670c94bae1a45d78d7181fbd4/extensions/configuration-editing/dist/configurationEditingMain
[2021-02-28 21:18:31.477] [exthost] [info] ExtensionService#_doActivateExtension vscode.json-language-features {"startup":false,"extensionId":{"value":"vscode.json-language-features","_lower":"vscode.json-language-features"},"activationEvent":"onLanguage:json"}
[2021-02-28 21:18:31.477] [exthost] [info] ExtensionService#loadCommonJSModule file:///home/sheridan95/.vscode-server/bin/622cb03f7e070a9670c94bae1a45d78d7181fbd4/extensions/json-language-features/client/dist/node/jsonClientMain
[2021-02-28 21:18:32.066] [exthost] [info] ExtensionService#_doActivateExtension vscode.typescript-language-features {"startup":false,"extensionId":{"value":"vscode.typescript-language-features","_lower":"vscode.typescript-language-features"},"activationEvent":"onLanguage:jsonc"}
[2021-02-28 21:18:32.066] [exthost] [info] ExtensionService#loadCommonJSModule file:///home/sheridan95/.vscode-server/bin/622cb03f7e070a9670c94bae1a45d78d7181fbd4/extensions/typescript-language-features/dist/extension
[2021-02-28 21:40:35.900] [exthost] [info] extension host terminating: received terminate message from renderer
[2021-02-28 21:40:36.985] [exthost] [info] exiting with code 0
