Looking for git in: git
Using git 2.25.1 from git
> git rev-parse --git-dir
Open repository: /home/sheridan95/phase-0-html-experiencing-html-lab
> git status -z -u
> git symbolic-ref --short HEAD
> git for-each-ref --format=%(refname)%00%(upstream:short)%00%(upstream:track)%00%(objectname) refs/heads/master refs/remotes/master
> git for-each-ref --sort -committerdate --format %(refname) %(objectname) %(*objectname)
> git remote --verbose
> git config --get commit.template
> git check-ignore -v -z --stdin
> git show --textconv :my_list.html
> git ls-files --stage -- /home/sheridan95/phase-0-html-experiencing-html-lab/my_list.html
> git cat-file -s 99f6fb908ab16540458da8c757664dc0b6be80c6
> git check-ignore -v -z --stdin
> git status -z -u
> git symbolic-ref --short HEAD
> git for-each-ref --format=%(refname)%00%(upstream:short)%00%(upstream:track)%00%(objectname) refs/heads/master refs/remotes/master
> git for-each-ref --sort -committerdate --format %(refname) %(objectname) %(*objectname)
> git remote --verbose
> git config --get commit.template
> git show --textconv :my_list2.html
> git ls-files --stage -- /home/sheridan95/phase-0-html-experiencing-html-lab/my_list2.html
> git show --textconv :my_list.html
> git ls-files --stage -- /home/sheridan95/phase-0-html-experiencing-html-lab/my_list.html
> git cat-file -s 99f6fb908ab16540458da8c757664dc0b6be80c6
> git status -z -u
> git symbolic-ref --short HEAD
> git for-each-ref --format=%(refname)%00%(upstream:short)%00%(upstream:track)%00%(objectname) refs/heads/master refs/remotes/master
> git for-each-ref --sort -committerdate --format %(refname) %(objectname) %(*objectname)
> git remote --verbose
> git ls-files --stage -- /home/sheridan95/phase-0-html-experiencing-html-lab/my_list.html
> git cat-file -s 99f6fb908ab16540458da8c757664dc0b6be80c6
> git config --get commit.template
> git show --textconv :my_list.html
