0 verbose cli [
0 verbose cli   '/home/sheridan95/.nvm/versions/node/v15.10.0/bin/node',
0 verbose cli   '/home/sheridan95/.nvm/versions/node/v15.10.0/bin/npm',
0 verbose cli   'test'
0 verbose cli ]
1 info using npm@7.5.3
2 info using node@v15.10.0
3 timing config:load:defaults Completed in 4ms
4 timing config:load:file:/home/sheridan95/.nvm/versions/node/v15.10.0/lib/node_modules/npm/npmrc Completed in 2ms
5 timing config:load:builtin Completed in 2ms
6 timing config:load:cli Completed in 6ms
7 timing config:load:env Completed in 1ms
8 timing config:load:file:/home/sheridan95/Development/code/.npmrc Completed in 1ms
9 timing config:load:project Completed in 2ms
10 timing config:load:file:/home/sheridan95/.npmrc Completed in 1ms
11 timing config:load:user Completed in 1ms
12 timing config:load:file:/home/sheridan95/.nvm/versions/node/v15.10.0/etc/npmrc Completed in 1ms
13 timing config:load:global Completed in 1ms
14 timing config:load:cafile Completed in 1ms
15 timing config:load:validate Completed in 0ms
16 timing config:load:setUserAgent Completed in 2ms
17 timing config:load:setEnvs Completed in 3ms
18 timing config:load Completed in 24ms
19 verbose npm-session 66fb7b453061409f
20 timing npm:load Completed in 52ms
21 timing command:run-script Completed in 14ms
22 timing command:test Completed in 29ms
23 verbose stack Error: missing script: test
23 verbose stack     at runScript (/home/sheridan95/.nvm/versions/node/v15.10.0/lib/node_modules/npm/lib/run-script.js:54:11)
24 verbose cwd /home/sheridan95/Development/code
25 verbose Linux 5.4.72-microsoft-standard-WSL2
26 verbose argv "/home/sheridan95/.nvm/versions/node/v15.10.0/bin/node" "/home/sheridan95/.nvm/versions/node/v15.10.0/bin/npm" "test"
27 verbose node v15.10.0
28 verbose npm  v7.5.3
29 error missing script: test
30 verbose exit 1
