0 verbose cli [
0 verbose cli   '/home/sheridan95/.nvm/versions/node/v15.10.0/bin/node',
0 verbose cli   '/home/sheridan95/.nvm/versions/node/v15.10.0/bin/npm',
0 verbose cli   'test'
0 verbose cli ]
1 info using npm@7.5.3
2 info using node@v15.10.0
3 timing config:load:defaults Completed in 3ms
4 timing config:load:file:/home/sheridan95/.nvm/versions/node/v15.10.0/lib/node_modules/npm/npmrc Completed in 4ms
5 timing config:load:builtin Completed in 4ms
6 timing config:load:cli Completed in 2ms
7 timing config:load:env Completed in 1ms
8 timing config:load:file:/home/sheridan95/git-basics-lab-phase-0/.npmrc Completed in 0ms
9 timing config:load:project Completed in 2ms
10 timing config:load:file:/home/sheridan95/.npmrc Completed in 1ms
11 timing config:load:user Completed in 1ms
12 timing config:load:file:/home/sheridan95/.nvm/versions/node/v15.10.0/etc/npmrc Completed in 0ms
13 timing config:load:global Completed in 0ms
14 timing config:load:cafile Completed in 1ms
15 timing config:load:validate Completed in 0ms
16 timing config:load:setUserAgent Completed in 1ms
17 timing config:load:setEnvs Completed in 2ms
18 timing config:load Completed in 17ms
19 verbose npm-session 0bfa24bc91e70625
20 timing npm:load Completed in 32ms
21 timing command:run-script Completed in 1106ms
22 timing command:test Completed in 1115ms
23 verbose stack Error: command failed
23 verbose stack     at ChildProcess.<anonymous> (/home/sheridan95/.nvm/versions/node/v15.10.0/lib/node_modules/npm/node_modules/@npmcli/promise-spawn/index.js:64:27)
23 verbose stack     at ChildProcess.emit (node:events:378:20)
23 verbose stack     at maybeClose (node:internal/child_process:1067:16)
23 verbose stack     at Process.ChildProcess._handle.onexit (node:internal/child_process:301:5)
24 verbose pkgid git-basics-lab@1.0.0
25 verbose cwd /home/sheridan95/git-basics-lab-phase-0
26 verbose Linux 5.4.72-microsoft-standard-WSL2
27 verbose argv "/home/sheridan95/.nvm/versions/node/v15.10.0/bin/node" "/home/sheridan95/.nvm/versions/node/v15.10.0/bin/npm" "test"
28 verbose node v15.10.0
29 verbose npm  v7.5.3
30 error code 6
31 error path /home/sheridan95/git-basics-lab-phase-0
32 error command failed
33 error command sh -c mocha --timeout 5000 -R mocha-multi --reporter-options spec=-,json=.results.json
34 verbose exit 6
