[2021-03-06 01:43:07.477] [exthost] [info] extension host started
[2021-03-06 01:43:07.528] [exthost] [info] ExtensionService#_doActivateExtension vscode.emmet {"startup":false,"extensionId":{"value":"vscode.emmet","_lower":"vscode.emmet"},"activationEvent":"onLanguage:html"}
[2021-03-06 01:43:07.529] [exthost] [info] ExtensionService#loadCommonJSModule file:///home/sheridan95/.vscode-server/bin/f30a9b73e8ffc278e71575118b6bf568f04587c8/extensions/emmet/dist/node/emmetNodeMain
[2021-03-06 01:43:07.571] [exthost] [info] ExtensionService#_doActivateExtension vscode.html-language-features {"startup":false,"extensionId":{"value":"vscode.html-language-features","_lower":"vscode.html-language-features"},"activationEvent":"onLanguage:html"}
[2021-03-06 01:43:07.571] [exthost] [info] ExtensionService#loadCommonJSModule file:///home/sheridan95/.vscode-server/bin/f30a9b73e8ffc278e71575118b6bf568f04587c8/extensions/html-language-features/client/dist/node/htmlClientMain
[2021-03-06 01:43:07.688] [exthost] [info] ExtensionService#_doActivateExtension vscode.debug-auto-launch {"startup":true,"extensionId":{"value":"vscode.debug-auto-launch","_lower":"vscode.debug-auto-launch"},"activationEvent":"*"}
[2021-03-06 01:43:07.688] [exthost] [info] ExtensionService#loadCommonJSModule file:///home/sheridan95/.vscode-server/bin/f30a9b73e8ffc278e71575118b6bf568f04587c8/extensions/debug-auto-launch/dist/extension
[2021-03-06 01:43:07.693] [exthost] [info] ExtensionService#_doActivateExtension vscode.git {"startup":true,"extensionId":{"value":"vscode.github","_lower":"vscode.github"},"activationEvent":"*"}
[2021-03-06 01:43:07.693] [exthost] [info] ExtensionService#loadCommonJSModule file:///home/sheridan95/.vscode-server/bin/f30a9b73e8ffc278e71575118b6bf568f04587c8/extensions/git/dist/main
[2021-03-06 01:43:07.959] [exthost] [info] ExtensionService#_doActivateExtension vscode.github {"startup":true,"extensionId":{"value":"vscode.github","_lower":"vscode.github"},"activationEvent":"*"}
[2021-03-06 01:43:07.960] [exthost] [info] ExtensionService#loadCommonJSModule file:///home/sheridan95/.vscode-server/bin/f30a9b73e8ffc278e71575118b6bf568f04587c8/extensions/github/dist/extension.js
[2021-03-06 01:43:08.191] [exthost] [info] ExtensionService#_doActivateExtension vscode.merge-conflict {"startup":false,"extensionId":{"value":"vscode.merge-conflict","_lower":"vscode.merge-conflict"},"activationEvent":"onStartupFinished"}
[2021-03-06 01:43:08.191] [exthost] [info] ExtensionService#loadCommonJSModule file:///home/sheridan95/.vscode-server/bin/f30a9b73e8ffc278e71575118b6bf568f04587c8/extensions/merge-conflict/dist/mergeConflictMain
[2021-03-06 01:43:08.204] [exthost] [info] ExtensionService#_doActivateExtension vscode.testing-editor-contributions {"startup":false,"extensionId":{"value":"vscode.testing-editor-contributions","_lower":"vscode.testing-editor-contributions"},"activationEvent":"onStartupFinished"}
[2021-03-06 01:43:08.204] [exthost] [info] ExtensionService#loadCommonJSModule file:///home/sheridan95/.vscode-server/bin/f30a9b73e8ffc278e71575118b6bf568f04587c8/extensions/testing-editor-contributions/dist/extension.js
[2021-03-06 01:43:08.207] [exthost] [info] eager extensions activated
[2021-03-06 01:43:08.234] [exthost] [info] ExtensionService#_doActivateExtension ms-vscode.js-debug {"startup":false,"extensionId":{"value":"ms-vscode.js-debug","_lower":"ms-vscode.js-debug"},"activationEvent":"onCommand:extension.js-debug.clearAutoAttachVariables"}
[2021-03-06 01:43:08.234] [exthost] [info] ExtensionService#loadCommonJSModule file:///home/sheridan95/.vscode-server/bin/f30a9b73e8ffc278e71575118b6bf568f04587c8/extensions/ms-vscode.js-debug/src/extension.js
[2021-03-06 02:03:49.803] [exthost] [info] extension host terminating: received terminate message from renderer
[2021-03-06 02:03:50.851] [exthost] [info] exiting with code 0
